<?xml version="1.0" encoding="UTF-8"?><testsuite errors="1" failures="0" name="create a user account" skipped="0" tests="1" time="9.75" timestamp="2022-07-20 03:23:25"><testcase name="Create a user account"><error type="net.serenitybdd.core.exceptions.UnrecognisedException"/><system-err>null&#13;
io.cucumber.datatable.UndefinedDataTableTypeException.listNoConverterDefined(UndefinedDataTableTypeException.java:42)&#13;
io.cucumber.datatable.DataTableTypeRegistryTableConverter.toList(DataTableTypeRegistryTableConverter.java:131)&#13;
io.cucumber.datatable.DataTableTypeRegistryTableConverter.convert(DataTableTypeRegistryTableConverter.java:96)&#13;
io.cucumber.datatable.DataTable.convert(DataTable.java:362)&#13;
io.cucumber.stepexpression.DataTableArgument.getValue(DataTableArgument.java:19)&#13;
cucumber.runner.PickleStepDefinitionMatch.runStep(PickleStepDefinitionMatch.java:41)&#13;
cucumber.runner.TestStep.executeStep(TestStep.java:63)&#13;
cucumber.runner.TestStep.run(TestStep.java:49)&#13;
cucumber.runner.PickleStepTestStep.run(PickleStepTestStep.java:43)&#13;
cucumber.runner.TestCase.run(TestCase.java:44)&#13;
cucumber.runner.Runner.runPickle(Runner.java:40)&#13;
</system-err></testcase></testsuite>